CIFIT 2.0
Mechanism title: furfural in cd2cl2 at 175 K, June 6/94
Data title: furfural data from June 6, T=175K
Number of sites = 2, 1 process
12 Time points read in
 0.100:  0.0997  -0.8768 
30.000:  0.0973   0.9830 
 5.000:  0.0420   0.4517 
 4.000:  0.0351   0.3075 
 2.000:  0.0357  -0.1361 
10.000:  0.0744   0.8114 
 1.000:  0.0562  -0.4763 
 0.500:  0.0755  -0.6885 
15.000:  0.0905   0.9407 
 6.000:  0.0500   0.5688 
 0.700:  0.0676  -0.6037 
 8.000:  0.0641   0.7201 

Initial values of parameters:
1/T1's
 No. 0=  0.1770 No. 1=  0.2400
M(inf)'s
 No. 2=  0.0973 No. 3=  0.9830
M(0)-M(inf)'s
 No. 4=  0.0024 No. 5= -1.8598
and M(0)'s for reference
 No. 4=  0.0997 No. 5= -0.8768
Rates
 No. 6=  0.3600
Chi squared value =   0.01054895

Iteration # 0
        2        3        4        5        6
   0.0973   0.9830   0.0024  -1.8598   0.3600
  -0.0034   0.0010   0.0117  -0.0579   0.0084
New chi^2 =   0.00028432

Iteration #  1    alamda:  1.00e-04    chi^2 =   0.00028432
        2        3        4        5        6
   0.0939   0.9840   0.0141  -1.9177   0.3684
   0.0000   0.0001   0.0001  -0.0002  -0.0005
New chi^2 =   0.00028423

Iteration #  2    alamda:  1.00e-05    chi^2 =   0.00028423
        2        3        4        5        6
   0.0939   0.9841   0.0141  -1.9179   0.3679
   0.0000   0.0000   0.0000   0.0000   0.0000
New chi^2 =   0.00028423

Final Values of Fitted Parameters and Uncertainties:
#  2 =     0.093943 +/-     0.001658
#  3 =     0.984056 +/-     0.001848
#  4 =     0.014138 +/-     0.003349
#  5 =    -1.917900 +/-     0.003840
#  6 =     0.367900 +/-     0.021948

Final values of all parameters:
1/T1's
 No. 0=  0.1770 No. 1=  0.2400
M(inf)'s
 No. 2=  0.0939 No. 3=  0.9841
M(0)-M(inf)'s
 No. 4=  0.0141 No. 5= -1.9179
and M(0)'s for reference
 No. 4=  0.1081 No. 5= -0.9338
Rates
 No. 6=  0.3679
Chi squared value =   0.00028423

Covariance matrix
  0.000003   0.000000  -0.000002  -0.000001   0.000016 
  0.000000   0.000003  -0.000002  -0.000004  -0.000004 
 -0.000002  -0.000002   0.000011  -0.000003   0.000022 
 -0.000001  -0.000004  -0.000003   0.000015  -0.000044 
  0.000016  -0.000004   0.000022  -0.000044   0.000482 

Observed and Calculated Values
  0.10  Calcd:   0.1006  -0.8811
         Obsd:   0.0997  -0.8768
         Diff:   0.0009  -0.0043

 30.00  Calcd:   0.0938   0.9825
         Obsd:   0.0973   0.9830
         Diff:  -0.0035  -0.0005

  5.00  Calcd:   0.0437   0.4513
         Obsd:   0.0420   0.4517
         Diff:   0.0017  -0.0004

  4.00  Calcd:   0.0365   0.3043
         Obsd:   0.0351   0.3075
         Diff:   0.0014  -0.0032

  2.00  Calcd:   0.0355  -0.1391
         Obsd:   0.0357  -0.1361
         Diff:  -0.0002  -0.0030

 10.00  Calcd:   0.0754   0.8216
         Obsd:   0.0744   0.8114
         Diff:   0.0010   0.0102

  1.00  Calcd:   0.0552  -0.4757
         Obsd:   0.0562  -0.4763
         Diff:  -0.0010   0.0006

  0.50  Calcd:   0.0760  -0.6865
         Obsd:   0.0755  -0.6885
         Diff:   0.0005   0.0020

 15.00  Calcd:   0.0880   0.9336
         Obsd:   0.0905   0.9407
         Diff:  -0.0025  -0.0071

  6.00  Calcd:   0.0515   0.5653
         Obsd:   0.0500   0.5688
         Diff:   0.0015  -0.0035

  0.70  Calcd:   0.0665  -0.5982
         Obsd:   0.0676  -0.6037
         Diff:  -0.0011   0.0055

  8.00  Calcd:   0.0654   0.7238
         Obsd:   0.0641   0.7201
         Diff:   0.0013   0.0037

Raw chi squared =      0.000284226, Scaled by M(inf) =      0.000290860
Percent Sqrt((scaled chisq)/(degr of freedom)) =     0.3913
