CIFIT 2.0
Mechanism title: mechanism from ted's sifit manual
Data title: ted's 4 site data from sifit manual
Number of sites = 4, 2 processes
18 Time points read in
 0.001:  1.0000   1.1060   0.8730  -0.3460 
 0.001:  0.9980   1.1090   0.8610  -0.3490 
 0.001:  0.9950   1.0980   0.8410  -0.3560 
 0.003:  0.9930   1.1060   0.8520  -0.3330 
 0.005:  0.9930   1.1090   0.8670  -0.3410 
 0.007:  0.9880   1.0920   0.8330  -0.3410 
 0.010:  0.9790   1.1090   0.8410  -0.3220 
 0.020:  0.9730   1.0870   0.8040  -0.3140 
 0.050:  0.9860   1.0950   0.8010  -0.2420 
 0.080:  1.0100   1.1070   0.8050  -0.1670 
 0.100:  1.0000   1.0930   0.7920  -0.1300 
 0.200:  1.0600   1.0900   0.7590   0.0308 
 0.400:  1.0290   1.0960   0.7580   0.2500 
 0.700:  1.0370   1.0990   0.7800   0.4080 
 1.000:  1.0440   1.0970   0.8010   0.4670 
 1.500:  1.0530   1.1020   0.8370   0.5160 
 2.500:  1.0690   1.1050   0.8550   0.5290 
10.000:  1.0680   1.1060   0.8480   0.5320 

Initial values of parameters:
1/T1's
 No. 0=  1.7100 No. 1=  1.5300 No. 2=  2.0700 No. 3=  2.2000

M(inf)'s
 No. 4=  1.0640 No. 5=  1.1050 No. 6=  0.8497 No. 7=  0.5260

M(0)-M(inf)'s
 No. 8= -0.0740 No. 9= -0.0050 No.10=  0.0003 No.11= -0.8760

and M(0)'s for reference
 No. 8=  0.9900 No. 9=  1.1000 No.10=  0.8500 No.11= -0.3500

Rates
 No.12=  0.4000 No.13=  0.0000
Chi squared value =   0.00771789

Iteration # 0
Number          4        5        6        7        8        9
Value        1.0640   1.1050   0.8497   0.5260  -0.0740  -0.0050
Increment    0.0036  -0.0008  -0.0003   0.0000  -0.0033   0.0020
Number         10       11       12
Value        0.0003  -0.8760   0.4000
Increment   -0.0010  -0.0052   0.0012
New chi^2 =   0.00734283

Iteration #  1    alamda:  1.00e-04    chi^2 =   0.00734283
Number          4        5        6        7        8        9
Value        1.0676   1.1042   0.8494   0.5260  -0.0773  -0.0030
Increment    0.0000   0.0000   0.0000   0.0000   0.0000   0.0000
Number         10       11       12
Value       -0.0007  -0.8812   0.4012
Increment    0.0000   0.0000   0.0002
New chi^2 =   0.00734282

Iteration #  2    alamda:  1.00e-05    chi^2 =   0.00734282
Number          4        5        6        7        8        9
Value        1.0677   1.1042   0.8494   0.5260  -0.0773  -0.0030
Increment    0.0000   0.0000   0.0000   0.0000   0.0000   0.0000
Number         10       11       12
Value       -0.0007  -0.8812   0.4014
Increment    0.0000   0.0000   0.0000
New chi^2 =   0.00734282

Final Values of Fitted Parameters and Uncertainties:
#  4 =     1.067653 +/-     0.004898
#  5 =     1.104161 +/-     0.005161
#  6 =     0.849445 +/-     0.005140
#  7 =     0.526029 +/-     0.005318
#  8 =    -0.077347 +/-     0.006429
#  9 =    -0.002999 +/-     0.006633
# 10 =    -0.000681 +/-     0.006378
# 11 =    -0.881189 +/-     0.006430
# 12 =     0.401378 +/-     0.031024

Final values of all parameters:
1/T1's
 No. 0=  1.7100 No. 1=  1.5300 No. 2=  2.0700 No. 3=  2.2000

M(inf)'s
 No. 4=  1.0677 No. 5=  1.1042 No. 6=  0.8494 No. 7=  0.5260

M(0)-M(inf)'s
 No. 8= -0.0773 No. 9= -0.0030 No.10= -0.0007 No.11= -0.8812

and M(0)'s for reference
 No. 8=  0.9903 No. 9=  1.1012 No.10=  0.8488 No.11= -0.3552

Rates
 No.12=  0.4014 No.13=  0.0000
Chi squared value =   0.00734282

Covariance matrix
  0.000024   0.000002   0.000002   0.000000  -0.000027  -0.000002  -0.000002   0.000000   0.000008 
  0.000002   0.000027   0.000001  -0.000001  -0.000002  -0.000030  -0.000001   0.000000   0.000009 
  0.000002   0.000001   0.000026  -0.000003  -0.000002  -0.000001  -0.000027   0.000001   0.000059 
  0.000000  -0.000001  -0.000003   0.000028   0.000000   0.000000   0.000000  -0.000028  -0.000077 
 -0.000027  -0.000002  -0.000002   0.000000   0.000041   0.000002   0.000002   0.000000  -0.000008 
 -0.000002  -0.000030  -0.000001   0.000000   0.000002   0.000044   0.000000   0.000000  -0.000006 
 -0.000002  -0.000001  -0.000027   0.000000   0.000002   0.000000   0.000041   0.000001  -0.000022 
  0.000000   0.000000   0.000001  -0.000028   0.000000   0.000000   0.000001   0.000041   0.000043 
  0.000008   0.000009   0.000059  -0.000077  -0.000008  -0.000006  -0.000022   0.000043   0.000962 

Observed and Calculated Values
  0.00  Calcd:   0.9904   1.1011   0.8484  -0.3538
         Obsd:   1.0000   1.1060   0.8730  -0.3460
         Diff:  -0.0096  -0.0049  -0.0246  -0.0078

  0.00  Calcd:   0.9904   1.1011   0.8482  -0.3533
         Obsd:   0.9980   1.1090   0.8610  -0.3490
         Diff:  -0.0076  -0.0079  -0.0128  -0.0043

  0.00  Calcd:   0.9905   1.1011   0.8480  -0.3525
         Obsd:   0.9950   1.0980   0.8410  -0.3560
         Diff:  -0.0045   0.0031   0.0070   0.0035

  0.00  Calcd:   0.9909   1.1011   0.8466  -0.3473
         Obsd:   0.9930   1.1060   0.8520  -0.3330
         Diff:  -0.0021  -0.0049  -0.0054  -0.0143

  0.01  Calcd:   0.9913   1.1010   0.8451  -0.3420
         Obsd:   0.9930   1.1090   0.8670  -0.3410
         Diff:  -0.0017  -0.0080  -0.0219  -0.0010

  0.01  Calcd:   0.9916   1.1010   0.8437  -0.3368
         Obsd:   0.9880   1.0920   0.8330  -0.3410
         Diff:   0.0036   0.0090   0.0107   0.0042

  0.01  Calcd:   0.9922   1.1009   0.8416  -0.3291
         Obsd:   0.9790   1.1090   0.8410  -0.3220
         Diff:   0.0132  -0.0081   0.0006  -0.0071

  0.02  Calcd:   0.9940   1.1007   0.8349  -0.3039
         Obsd:   0.9730   1.0870   0.8040  -0.3140
         Diff:   0.0210   0.0137   0.0309   0.0101

  0.05  Calcd:   0.9990   1.1000   0.8170  -0.2326
         Obsd:   0.9860   1.0950   0.8010  -0.2420
         Diff:   0.0130   0.0050   0.0160   0.0094

  0.08  Calcd:   1.0035   1.0995   0.8021  -0.1678
         Obsd:   1.0100   1.1070   0.8050  -0.1670
         Diff:  -0.0065  -0.0075  -0.0029  -0.0008

  0.10  Calcd:   1.0062   1.0992   0.7938  -0.1277
         Obsd:   1.0000   1.0930   0.7920  -0.1300
         Diff:   0.0062   0.0062   0.0018   0.0023

  0.20  Calcd:   1.0171   1.0980   0.7665   0.0394
         Obsd:   1.0600   1.0900   0.7590   0.0308
         Diff:  -0.0429   0.0080   0.0075   0.0086

  0.40  Calcd:   1.0309   1.0972   0.7564   0.2535
         Obsd:   1.0290   1.0960   0.7580   0.2500
         Diff:   0.0019   0.0012  -0.0016   0.0035

  0.70  Calcd:   1.0429   1.0975   0.7799   0.4089
         Obsd:   1.0370   1.0990   0.7800   0.4080
         Diff:   0.0059  -0.0015  -0.0001   0.0009

  1.00  Calcd:   1.0509   1.0986   0.8063   0.4742
         Obsd:   1.0440   1.0970   0.8010   0.4670
         Diff:   0.0069   0.0016   0.0053   0.0072

  1.50  Calcd:   1.0595   1.1006   0.8327   0.5119
         Obsd:   1.0530   1.1020   0.8370   0.5160
         Diff:   0.0065  -0.0014  -0.0043  -0.0041

  2.50  Calcd:   1.0661   1.1031   0.8473   0.5248
         Obsd:   1.0690   1.1050   0.8550   0.5290
         Diff:  -0.0029  -0.0019  -0.0077  -0.0042

 10.00  Calcd:   1.0677   1.1042   0.8494   0.5260
         Obsd:   1.0680   1.1060   0.8480   0.5320
         Diff:  -0.0003  -0.0018   0.0014  -0.0060

Raw chi squared =      0.007342824, Scaled by M(inf) =      0.002187111
Percent Sqrt((scaled chisq)/(degr of freedom)) =     0.5892
